# JRE version: OpenJDK Runtime Environment (8.0_292-b10) (build 1.8.0_292-b10)
# Java VM: OpenJDK 64-Bit Server VM (25.292-b10 mixed mode windows-amd64 compressed oops)
Heap:
 PSYoungGen      total 297472K, used 54847K [0x00000000d5580000, 0x00000000e9680000, 0x0000000100000000)
  eden space 275456K, 14% used [0x00000000d5580000,0x00000000d7b80710,0x00000000e6280000)
  from space 22016K, 72% used [0x00000000e8100000,0x00000000e908f508,0x00000000e9680000)
  to   space 26624K, 0% used [0x00000000e6280000,0x00000000e6280000,0x00000000e7c80000)
 ParOldGen       total 182784K, used 79185K [0x0000000080000000, 0x000000008b280000, 0x00000000d5580000)
  object space 182784K, 43% used [0x0000000080000000,0x0000000084d544a8,0x000000008b280000)
 Metaspace       used 112845K, capacity 118403K, committed 118552K, reserved 1150976K
  class space    used 15305K, capacity 16391K, committed 16424K, reserved 1048576K
GC Heap History (10 events):
Event: 43.085 GC heap before
{Heap before GC invocations=26 (full 3):
 PSYoungGen      total 233472K, used 122439K [0x00000000d5580000, 0x00000000e5400000, 0x0000000100000000)
  eden space 208384K, 51% used [0x00000000d5580000,0x00000000dbea33c0,0x00000000e2100000)
  from space 25088K, 58% used [0x00000000e3b80000,0x00000000e49eec00,0x00000000e5400000)
  to   space 26112K, 0% used [0x00000000e2100000,0x00000000e2100000,0x00000000e3a80000)
 ParOldGen       total 102912K, used 70212K [0x0000000080000000, 0x0000000086480000, 0x00000000d5580000)
  object space 102912K, 68% used [0x0000000080000000,0x0000000084491260,0x0000000086480000)
 Metaspace       used 94249K, capacity 98165K, committed 98600K, reserved 1134592K
  class space    used 12861K, capacity 13673K, committed 13736K, reserved 1048576K
Event: 43.103 GC heap after
Heap after GC invocations=26 (full 3):
 PSYoungGen      total 234496K, used 11106K [0x00000000d5580000, 0x00000000e7b80000, 0x0000000100000000)
  eden space 208384K, 0% used [0x00000000d5580000,0x00000000d5580000,0x00000000e2100000)
  from space 26112K, 42% used [0x00000000e2100000,0x00000000e2bd89b8,0x00000000e3a80000)
  to   space 24576K, 0% used [0x00000000e6380000,0x00000000e6380000,0x00000000e7b80000)
 ParOldGen       total 102912K, used 77692K [0x0000000080000000, 0x0000000086480000, 0x00000000d5580000)
  object space 102912K, 75% used [0x0000000080000000,0x0000000084bdf1b8,0x0000000086480000)
 Metaspace       used 94249K, capacity 98165K, committed 98600K, reserved 1134592K
  class space    used 12861K, capacity 13673K, committed 13736K, reserved 1048576K
}
Event: 43.103 GC heap before
{Heap before GC invocations=27 (full 4):
 PSYoungGen      total 234496K, used 11106K [0x00000000d5580000, 0x00000000e7b80000, 0x0000000100000000)
  eden space 208384K, 0% used [0x00000000d5580000,0x00000000d5580000,0x00000000e2100000)
  from space 26112K, 42% used [0x00000000e2100000,0x00000000e2bd89b8,0x00000000e3a80000)
  to   space 24576K, 0% used [0x00000000e6380000,0x00000000e6380000,0x00000000e7b80000)
 ParOldGen       total 102912K, used 77692K [0x0000000080000000, 0x0000000086480000, 0x00000000d5580000)
  object space 102912K, 75% used [0x0000000080000000,0x0000000084bdf1b8,0x0000000086480000)
 Metaspace       used 94249K, capacity 98165K, committed 98600K, reserved 1134592K
  class space    used 12861K, capacity 13673K, committed 13736K, reserved 1048576K
Event: 43.388 GC heap after
Heap after GC invocations=27 (full 4):
 PSYoungGen      total 234496K, used 0K [0x00000000d5580000, 0x00000000e7b80000, 0x0000000100000000)
  eden space 208384K, 0% used [0x00000000d5580000,0x00000000d5580000,0x00000000e2100000)
  from space 26112K, 0% used [0x00000000e2100000,0x00000000e2100000,0x00000000e3a80000)
  to   space 24576K, 0% used [0x00000000e6380000,0x00000000e6380000,0x00000000e7b80000)
 ParOldGen       total 182784K, used 79146K [0x0000000080000000, 0x000000008b280000, 0x00000000d5580000)
  object space 182784K, 43% used [0x0000000080000000,0x0000000084d4a9c8,0x000000008b280000)
 Metaspace       used 94245K, capacity 98159K, committed 98600K, reserved 1134592K
  class space    used 12861K, capacity 13672K, committed 13736K, reserved 1048576K
}
Event: 47.706 GC heap before
{Heap before GC invocations=28 (full 4):
 PSYoungGen      total 234496K, used 208384K [0x00000000d5580000, 0x00000000e7b80000, 0x0000000100000000)
  eden space 208384K, 100% used [0x00000000d5580000,0x00000000e2100000,0x00000000e2100000)
  from space 26112K, 0% used [0x00000000e2100000,0x00000000e2100000,0x00000000e3a80000)
  to   space 24576K, 0% used [0x00000000e6380000,0x00000000e6380000,0x00000000e7b80000)
 ParOldGen       total 182784K, used 79146K [0x0000000080000000, 0x000000008b280000, 0x00000000d5580000)
  object space 182784K, 43% used [0x0000000080000000,0x0000000084d4a9c8,0x000000008b280000)
 Metaspace       used 104183K, capacity 109177K, committed 109464K, reserved 1142784K
  class space    used 14145K, capacity 15168K, committed 15272K, reserved 1048576K
Event: 47.726 GC heap after
Heap after GC invocations=28 (full 4):
 PSYoungGen      total 265216K, used 16968K [0x00000000d5580000, 0x00000000e7700000, 0x0000000100000000)
  eden space 245248K, 0% used [0x00000000d5580000,0x00000000d5580000,0x00000000e4500000)
  from space 19968K, 84% used [0x00000000e6380000,0x00000000e7412210,0x00000000e7700000)
  to   space 25600K, 0% used [0x00000000e4500000,0x00000000e4500000,0x00000000e5e00000)
 ParOldGen       total 182784K, used 79154K [0x0000000080000000, 0x000000008b280000, 0x00000000d5580000)
  object space 182784K, 43% used [0x0000000080000000,0x0000000084d4c9c8,0x000000008b280000)
 Metaspace       used 104183K, capacity 109177K, committed 109464K, reserved 1142784K
  class space    used 14145K, capacity 15168K, committed 15272K, reserved 1048576K
}
Event: 105.013 GC heap before
{Heap before GC invocations=29 (full 4):
 PSYoungGen      total 265216K, used 262216K [0x00000000d5580000, 0x00000000e7700000, 0x0000000100000000)
  eden space 245248K, 100% used [0x00000000d5580000,0x00000000e4500000,0x00000000e4500000)
  from space 19968K, 84% used [0x00000000e6380000,0x00000000e7412210,0x00000000e7700000)
  to   space 25600K, 0% used [0x00000000e4500000,0x00000000e4500000,0x00000000e5e00000)
 ParOldGen       total 182784K, used 79154K [0x0000000080000000, 0x000000008b280000, 0x00000000d5580000)
  object space 182784K, 43% used [0x0000000080000000,0x0000000084d4c9c8,0x000000008b280000)
 Metaspace       used 112481K, capacity 117999K, committed 118040K, reserved 1150976K
  class space    used 15298K, capacity 16391K, committed 16424K, reserved 1048576K
Event: 105.914 GC heap after
Heap after GC invocations=29 (full 4):
 PSYoungGen      total 270848K, used 18940K [0x00000000d5580000, 0x00000000e9b00000, 0x0000000100000000)
  eden space 245248K, 0% used [0x00000000d5580000,0x00000000d5580000,0x00000000e4500000)
  from space 25600K, 73% used [0x00000000e4500000,0x00000000e577f028,0x00000000e5e00000)
  to   space 26624K, 0% used [0x00000000e8100000,0x00000000e8100000,0x00000000e9b00000)
 ParOldGen       total 182784K, used 79170K [0x0000000080000000, 0x000000008b280000, 0x00000000d5580000)
  object space 182784K, 43% used [0x0000000080000000,0x0000000084d509c8,0x000000008b280000)
 Metaspace       used 112481K, capacity 117999K, committed 118040K, reserved 1150976K
  class space    used 15298K, capacity 16391K, committed 16424K, reserved 1048576K
}
Event: 137.064 GC heap before
{Heap before GC invocations=30 (full 4):
 PSYoungGen      total 270848K, used 264188K [0x00000000d5580000, 0x00000000e9b00000, 0x0000000100000000)
  eden space 245248K, 100% used [0x00000000d5580000,0x00000000e4500000,0x00000000e4500000)
  from space 25600K, 73% used [0x00000000e4500000,0x00000000e577f028,0x00000000e5e00000)
  to   space 26624K, 0% used [0x00000000e8100000,0x00000000e8100000,0x00000000e9b00000)
 ParOldGen       total 182784K, used 79177K [0x0000000080000000, 0x000000008b280000, 0x00000000d5580000)
  object space 182784K, 43% used [0x0000000080000000,0x0000000084d524a8,0x000000008b280000)
 Metaspace       used 112791K, capacity 118339K, committed 118552K, reserved 1150976K
  class space    used 15303K, capacity 16391K, committed 16424K, reserved 1048576K
Event: 137.096 GC heap after
Heap after GC invocations=30 (full 4):
 PSYoungGen      total 297472K, used 15933K [0x00000000d5580000, 0x00000000e9680000, 0x0000000100000000)
  eden space 275456K, 0% used [0x00000000d5580000,0x00000000d5580000,0x00000000e6280000)
  from space 22016K, 72% used [0x00000000e8100000,0x00000000e908f508,0x00000000e9680000)
  to   space 26624K, 0% used [0x00000000e6280000,0x00000000e6280000,0x00000000e7c80000)
 ParOldGen       total 182784K, used 79185K [0x0000000080000000, 0x000000008b280000, 0x00000000d5580000)
  object space 182784K, 43% used [0x0000000080000000,0x0000000084d544a8,0x000000008b280000)
 Metaspace       used 112791K, capacity 118339K, committed 118552K, reserved 1150976K
  class space    used 15303K, capacity 16391K, committed 16424K, reserved 1048576K
}

